<?xml version="1.0" encoding="UTF-8"?>
<!-- Generated by org.testng.reporters.JUnitReportReporter -->
<testsuite hostname="LAPTOP-ATRE6C6M" failures="0" tests="1" name="tests.Suptailslogintest" time="19.409" errors="0" timestamp="2023-07-24T12:28:16 IST" skipped="0">
  <testcase classname="tests.Suptailslogintest" name="test" time="19.409"/>
</testsuite> <!-- tests.Suptailslogintest -->
